c:\users\commando\desktop\new folder (3)\bgi\debug\vc120.pdb
c:\users\commando\desktop\new folder (3)\bgi\debug\vc120.idb
c:\users\commando\desktop\new folder (3)\bgi\debug\bgiout.obj
c:\users\commando\desktop\new folder (3)\bgi\debug\dibutil.obj
c:\users\commando\desktop\new folder (3)\bgi\debug\drawing.obj
c:\users\commando\desktop\new folder (3)\bgi\debug\example.obj
c:\users\commando\desktop\new folder (3)\bgi\debug\file.obj
c:\users\commando\desktop\new folder (3)\bgi\debug\misc.obj
c:\users\commando\desktop\new folder (3)\bgi\debug\mouse.obj
c:\users\commando\desktop\new folder (3)\bgi\debug\palette.obj
c:\users\commando\desktop\new folder (3)\bgi\debug\main.obj
c:\users\commando\desktop\new folder (3)\bgi\debug\text.obj
c:\users\commando\desktop\new folder (3)\bgi\debug\winbgi.obj
c:\users\commando\desktop\new folder (3)\bgi\debug\winthread.obj
c:\users\commando\desktop\new folder (3)\bgi\debug\bgi.ilk
c:\users\commando\desktop\new folder (3)\bgi\debug\bgi.exe
c:\users\commando\desktop\new folder (3)\bgi\debug\bgi.pdb
c:\users\commando\desktop\new folder (3)\bgi\debug\bgi.tlog\cl.command.1.tlog
c:\users\commando\desktop\new folder (3)\bgi\debug\bgi.tlog\cl.read.1.tlog
c:\users\commando\desktop\new folder (3)\bgi\debug\bgi.tlog\cl.write.1.tlog
c:\users\commando\desktop\new folder (3)\bgi\debug\bgi.tlog\link.command.1.tlog
c:\users\commando\desktop\new folder (3)\bgi\debug\bgi.tlog\link.read.1.tlog
c:\users\commando\desktop\new folder (3)\bgi\debug\bgi.tlog\link.write.1.tlog
